p/101.jpg 1 0 0 622 1000
p/102.jpg 1 0 0 622 1000
p/103.jpg 1 0 0 952 1000
p/104.jpg 1 0 0 1000 764
p/105.jpg 1 0 0 999 732
p/106.jpg 1 0 0 1000 669
p/107.jpg 1 0 0 1000 808
p/108.jpg 1 0 0 980 1000
p/109.jpg 1 0 0 830 1000
p/110.jpg 1 0 0 622 1000
p/111.jpg 1 0 0 1000 900
p/112.jpg 1 0 0 1000 908
p/113.jpg 1 0 0 1000 945
p/114.jpg 1 0 0 847 1000
p/115.jpg 1 0 0 790 1000
p/116.jpg 1 0 0 504 1000
p/051.jpg 1 0 0 1000 968
p/052.jpg 1 0 0 1000 981
p/053.jpg 1 0 0 1000 886
p/054.jpg 1 0 0 1000 748
p/055.jpg 1 0 0 1000 909
p/056.jpg 1 0 0 1000 818
p/057.jpg 1 0 0 978 1000
p/058.jpg 1 0 0 1000 731
p/059.jpg 1 0 0 1000 656
p/060.jpg 1 0 0 1000 479
p/061.jpg 1 0 0 999 572
p/062.jpg 1 0 0 1000 589
p/063.jpg 1 0 0 999 723
p/064.jpg 1 0 0 908 1000
p/065.jpg 1 0 0 1000 919
p/066.jpg 1 0 0 627 1000
p/067.jpg 1 0 0 652 1000
p/068.jpg 1 0 0 741 1000
p/069.jpg 1 0 0 935 1000
p/070.jpg 1 0 0 1000 901
p/071.jpg 1 0 0 1000 968
p/072.jpg 1 0 0 1000 968
p/073.jpg 1 0 0 1000 968
p/074.jpg 1 0 0 1000 968
p/075.jpg 1 0 0 1000 968
p/076.jpg 1 0 0 1000 968
p/077.jpg 1 0 0 1000 968
p/078.jpg 1 0 0 1000 968
p/079.jpg 1 0 0 1000 851
p/080.jpg 1 0 0 1000 846
p/081.jpg 1 0 0 1000 702
p/082.jpg 1 0 0 1000 675
p/083.jpg 1 0 0 1000 964
p/084.jpg 1 0 0 1000 821
p/085.jpg 1 0 0 1000 853
p/086.jpg 1 0 0 1000 869
p/087.jpg 1 0 0 1000 770
p/088.jpg 1 0 0 986 1000
p/089.jpg 1 0 0 1000 893
p/090.jpg 1 0 0 1000 993
p/091.jpg 1 0 0 1000 836
p/092.jpg 1 0 0 1000 775
p/093.jpg 1 0 0 1000 872
p/094.jpg 1 0 0 999 605
p/095.jpg 1 0 0 1000 930
p/096.jpg 1 0 0 999 704
p/097.jpg 1 0 0 1000 601
p/098.jpg 1 0 0 1000 851
p/099.jpg 1 0 0 906 1000
p/100.jpg 1 0 0 1000 968
p/001.jpg 1 0 0 1000 737
p/002.jpg 1 0 0 926 1000
p/003.jpg 1 0 0 687 1000
p/004.jpg 1 0 0 1000 737
p/005.jpg 1 0 0 1000 737
p/006.jpg 1 0 0 991 1000
p/007.jpg 1 0 0 1000 987
p/008.jpg 1 0 0 943 1000
p/009.jpg 1 0 0 974 1000
p/010.jpg 1 0 0 1000 737
p/011.jpg 1 0 0 1000 737
p/012.jpg 1 0 0 1000 737
p/013.jpg 1 0 0 1000 737
p/014.jpg 1 0 0 1000 737
p/015.jpg 1 0 0 1000 737
p/016.jpg 1 0 0 1000 737
p/017.jpg 1 0 0 1000 737
p/018.jpg 1 0 0 1000 737
p/019.jpg 1 0 0 1000 737
p/020.jpg 1 0 0 1000 737
p/021.jpg 1 0 0 1000 737
p/022.jpg 1 0 0 1000 737
p/023.jpg 1 0 0 1000 737
p/024.jpg 1 0 0 1000 737
p/025.jpg 1 0 0 1000 737
p/026.jpg 1 0 0 1000 737
p/027.jpg 1 0 0 1000 737
p/028.jpg 1 0 0 1000 737
p/029.jpg 1 0 0 1000 737
p/030.jpg 1 0 0 1000 737
p/031.jpg 1 0 0 1000 737
p/032.jpg 1 0 0 1000 737
p/033.jpg 1 0 0 1000 737
p/034.jpg 1 0 0 1000 737
p/035.jpg 1 0 0 1000 737
p/036.jpg 1 0 0 1000 737
p/037.jpg 1 0 0 1000 737
p/038.jpg 1 0 0 1000 737
p/039.jpg 1 0 0 1000 737
p/040.jpg 1 0 0 1000 737
p/041.jpg 1 0 0 1000 737
p/042.jpg 1 0 0 1000 737
p/043.jpg 1 0 0 1000 737
p/044.jpg 1 0 0 1000 737
p/045.jpg 1 0 0 1000 737
p/046.jpg 1 0 0 1000 693
p/047.jpg 1 0 0 1000 696
p/048.jpg 1 0 0 1000 833
p/049.jpg 1 0 0 1000 860
p/050.jpg 1 0 0 959 1000