p/151.jpg 1 0 0 825 1000
p/152.jpg 1 0 0 825 1000
p/153.jpg 1 0 0 825 1000
p/154.jpg 1 0 0 1000 871
p/155.jpg 1 0 0 1000 801
p/156.jpg 1 0 0 1000 969
p/157.jpg 1 0 0 1000 814
p/158.jpg 1 0 0 1000 657
p/159.jpg 1 0 0 1000 463
p/160.jpg 1 0 0 999 414
p/161.jpg 1 0 0 1000 469
p/162.jpg 1 0 0 1000 430
p/163.jpg 1 0 0 1000 449
p/164.jpg 1 0 0 999 497
p/165.jpg 1 0 0 1000 514
p/166.jpg 1 0 0 1000 536
p/167.jpg 1 0 0 1000 622
p/168.jpg 1 0 0 825 1000
p/169.jpg 1 0 0 825 1000
p/170.jpg 1 0 0 825 1000
p/171.jpg 1 0 0 825 1000
p/172.jpg 1 0 0 905 1000
p/173.jpg 1 0 0 825 1000
p/101.jpg 1 0 0 763 1000
p/102.jpg 1 0 0 744 1000
p/103.jpg 1 0 0 763 1000
p/104.jpg 1 0 0 763 1000
p/105.jpg 1 0 0 763 1000
p/106.jpg 1 0 0 763 1000
p/107.jpg 1 0 0 1000 887
p/108.jpg 1 0 0 1000 971
p/109.jpg 1 0 0 843 1000
p/110.jpg 1 0 0 802 1000
p/111.jpg 1 0 0 1000 907
p/112.jpg 1 0 0 1000 817
p/113.jpg 1 0 0 1000 580
p/114.jpg 1 0 0 999 611
p/115.jpg 1 0 0 1000 511
p/116.jpg 1 0 0 965 1000
p/117.jpg 1 0 0 999 570
p/118.jpg 1 0 0 1000 751
p/119.jpg 1 0 0 966 1000
p/120.jpg 1 0 0 763 1000
p/121.jpg 1 0 0 643 1000
p/122.jpg 1 0 0 867 1000
p/123.jpg 1 0 0 763 1000
p/124.jpg 1 0 0 763 1000
p/125.jpg 1 0 0 891 1000
p/126.jpg 1 0 0 949 1000
p/127.jpg 1 0 0 1000 980
p/128.jpg 1 0 0 909 1000
p/129.jpg 1 0 0 851 1000
p/130.jpg 1 0 0 1000 971
p/131.jpg 1 0 0 1000 656
p/132.jpg 1 0 0 1000 887
p/133.jpg 1 0 0 1000 718
p/134.jpg 1 0 0 1000 691
p/135.jpg 1 0 0 999 687
p/136.jpg 1 0 0 1000 561
p/137.jpg 1 0 0 1000 567
p/138.jpg 1 0 0 1000 724
p/139.jpg 1 0 0 1000 499
p/140.jpg 1 0 0 999 746
p/141.jpg 1 0 0 1000 633
p/142.jpg 1 0 0 1000 858
p/143.jpg 1 0 0 932 1000
p/144.jpg 1 0 0 1000 940
p/145.jpg 1 0 0 1000 668
p/146.jpg 1 0 0 941 1000
p/147.jpg 1 0 0 796 1000
p/148.jpg 1 0 0 764 1000
p/149.jpg 1 0 0 914 1000
p/150.jpg 1 0 0 671 1000
p/051.jpg 1 0 0 1000 555
p/052.jpg 1 0 0 1000 555
p/053.jpg 1 0 0 1000 761
p/054.jpg 1 0 0 1000 758
p/055.jpg 1 0 0 1000 555
p/056.jpg 1 0 0 999 496
p/057.jpg 1 0 0 947 1000
p/058.jpg 1 0 0 1000 532
p/059.jpg 1 0 0 999 501
p/060.jpg 1 0 0 999 479
p/061.jpg 1 0 0 1000 367
p/062.jpg 1 0 0 999 429
p/063.jpg 1 0 0 1000 555
p/064.jpg 1 0 0 1000 406
p/065.jpg 1 0 0 1000 454
p/066.jpg 1 0 0 1000 610
p/067.jpg 1 0 0 999 665
p/068.jpg 1 0 0 999 695
p/069.jpg 1 0 0 1000 660
p/070.jpg 1 0 0 1000 501
p/071.jpg 1 0 0 1000 416
p/072.jpg 1 0 0 923 1000
p/073.jpg 1 0 0 987 1000
p/074.jpg 1 0 0 1000 469
p/075.jpg 1 0 0 1000 725
p/076.jpg 1 0 0 879 1000
p/077.jpg 1 0 0 857 1000
p/078.jpg 1 0 0 837 1000
p/079.jpg 1 0 0 760 999
p/080.jpg 1 0 0 1000 925
p/081.jpg 1 0 0 826 1000
p/082.jpg 1 0 0 1000 951
p/083.jpg 1 0 0 1000 858
p/084.jpg 1 0 0 1000 735
p/085.jpg 1 0 0 1000 555
p/086.jpg 1 0 0 1000 680
p/087.jpg 1 0 0 981 1000
p/088.jpg 1 0 0 750 1000
p/089.jpg 1 0 0 991 1000
p/090.jpg 1 0 0 966 1000
p/091.jpg 1 0 0 1000 505
p/092.jpg 1 0 0 933 1000
p/093.jpg 1 0 0 1000 965
p/094.jpg 1 0 0 999 620
p/095.jpg 1 0 0 1000 688
p/096.jpg 1 0 0 842 1000
p/097.jpg 1 0 0 1000 811
p/098.jpg 1 0 0 1000 888
p/099.jpg 1 0 0 1000 925
p/100.jpg 1 0 0 1000 855
p/001.jpg 1 0 0 533 1000
p/002.jpg 1 0 0 1000 905
p/003.jpg 1 0 0 853 1000
p/004.jpg 1 0 0 999 647
p/005.jpg 1 0 0 1000 427
p/006.jpg 1 0 0 1000 432
p/007.jpg 1 0 0 1000 777
p/008.jpg 1 0 0 942 1000
p/009.jpg 1 0 0 1000 802
p/010.jpg 1 0 0 999 552
p/011.jpg 1 0 0 1000 491
p/012.jpg 1 0 0 822 1000
p/013.jpg 1 0 0 540 1000
p/014.jpg 1 0 0 1000 883
p/015.jpg 1 0 0 1000 682
p/016.jpg 1 0 0 1000 347
p/017.jpg 1 0 0 1000 490
p/018.jpg 1 0 0 1000 804
p/019.jpg 1 0 0 732 1000
p/020.jpg 1 0 0 1000 786
p/021.jpg 1 0 0 1000 580
p/022.jpg 1 0 0 749 1000
p/023.jpg 1 0 0 515 999
p/024.jpg 1 0 0 1000 886
p/025.jpg 1 0 0 999 463
p/026.jpg 1 0 0 1000 490
p/027.jpg 1 0 0 999 760
p/028.jpg 1 0 0 845 1000
p/029.jpg 1 0 0 1000 822
p/030.jpg 1 0 0 1000 671
p/031.jpg 1 0 0 1000 612
p/032.jpg 1 0 0 999 497
p/033.jpg 1 0 0 1000 284
p/034.jpg 1 0 0 691 1000
p/035.jpg 1 0 0 1000 988
p/036.jpg 1 0 0 1000 734
p/037.jpg 1 0 0 1000 613
p/038.jpg 1 0 0 1000 487
p/039.jpg 1 0 0 1000 760
p/040.jpg 1 0 0 916 1000
p/041.jpg 1 0 0 683 1000
p/042.jpg 1 0 0 1000 822
p/043.jpg 1 0 0 999 628
p/044.jpg 1 0 0 1000 745
p/045.jpg 1 0 0 923 1000
p/046.jpg 1 0 0 1000 716
p/047.jpg 1 0 0 1000 526
p/048.jpg 1 0 0 1000 397
p/049.jpg 1 0 0 999 334
p/050.jpg 1 0 0 1000 479