p/145.jpg 1 0 0 1000 737
p/146.jpg 1 0 0 1000 737
p/147.jpg 1 0 0 1000 737
p/148.jpg 1 0 0 1000 737
p/149.jpg 1 0 0 1000 737
p/150.jpg 1 0 0 1000 737
p/151.jpg 1 0 0 1000 737
p/152.jpg 1 0 0 1000 737
p/153.jpg 1 0 0 1000 737
p/154.jpg 1 0 0 1000 814
p/155.jpg 1 0 0 1000 631
p/156.jpg 1 0 0 1000 666
p/157.jpg 1 0 0 1000 844
p/158.jpg 1 0 0 1000 737
p/159.jpg 1 0 0 1000 737
p/160.jpg 1 0 0 938 1000
p/161.jpg 1 0 0 945 1000
p/162.jpg 1 0 0 1000 737
p/163.jpg 1 0 0 1000 737
p/164.jpg 1 0 0 1000 737
p/165.jpg 1 0 0 1000 807
p/166.jpg 1 0 0 1000 541
p/167.jpg 1 0 0 1000 737
p/168.jpg 1 0 0 1000 737
p/169.jpg 1 0 0 1000 737
p/170.jpg 1 0 0 1000 737
p/171.jpg 1 0 0 1000 737
p/172.jpg 1 0 0 1000 737
p/173.jpg 1 0 0 1000 737
p/174.jpg 1 0 0 1000 737
p/175.jpg 1 0 0 1000 737
p/176.jpg 1 0 0 1000 737
p/177.jpg 1 0 0 1000 737
p/178.jpg 1 0 0 1000 737
p/179.jpg 1 0 0 1000 737
p/180.jpg 1 0 0 1000 737
p/181.jpg 1 0 0 1000 737
p/182.jpg 1 0 0 1000 737
p/183.jpg 1 0 0 1000 737
p/184.jpg 1 0 0 1000 737
p/185.jpg 1 0 0 993 1000
p/186.jpg 1 0 0 968 1000
p/187.jpg 1 0 0 1000 975
p/188.jpg 1 0 0 935 1000
p/189.jpg 1 0 0 1000 989
p/190.jpg 1 0 0 991 1000
p/191.jpg 1 0 0 1000 737
p/096.jpg 1 0 0 1000 737
p/097.jpg 1 0 0 1000 737
p/098.jpg 1 0 0 1000 737
p/099.jpg 1 0 0 1000 737
p/100.jpg 1 0 0 1000 737
p/101.jpg 1 0 0 1000 737
p/102.jpg 1 0 0 1000 737
p/103.jpg 1 0 0 1000 737
p/104.jpg 1 0 0 1000 737
p/105.jpg 1 0 0 1000 737
p/106.jpg 1 0 0 1000 737
p/107.jpg 1 0 0 1000 737
p/108.jpg 1 0 0 1000 737
p/109.jpg 1 0 0 1000 737
p/110.jpg 1 0 0 1000 737
p/111.jpg 1 0 0 1000 737
p/112.jpg 1 0 0 1000 737
p/113.jpg 1 0 0 1000 737
p/114.jpg 1 0 0 1000 737
p/115.jpg 1 0 0 1000 737
p/116.jpg 1 0 0 1000 737
p/117.jpg 1 0 0 1000 737
p/118.jpg 1 0 0 1000 737
p/119.jpg 1 0 0 1000 737
p/120.jpg 1 0 0 1000 737
p/121.jpg 1 0 0 1000 737
p/122.jpg 1 0 0 1000 737
p/123.jpg 1 0 0 1000 737
p/124.jpg 1 0 0 1000 737
p/125.jpg 1 0 0 1000 737
p/126.jpg 1 0 0 1000 737
p/127.jpg 1 0 0 1000 737
p/128.jpg 1 0 0 1000 737
p/129.jpg 1 0 0 1000 737
p/130.jpg 1 0 0 1000 737
p/131.jpg 1 0 0 1000 737
p/132.jpg 1 0 0 1000 737
p/133.jpg 1 0 0 1000 737
p/134.jpg 1 0 0 1000 737
p/135.jpg 1 0 0 1000 940
p/136.jpg 1 0 0 1000 890
p/137.jpg 1 0 0 983 1000
p/138.jpg 1 0 0 938 1000
p/139.jpg 1 0 0 1000 1000
p/140.jpg 1 0 0 922 1000
p/141.jpg 1 0 0 945 1000
p/142.jpg 1 0 0 1000 945
p/143.jpg 1 0 0 1000 737
p/144.jpg 1 0 0 1000 737
p/050.jpg 1 0 0 1000 737
p/051.jpg 1 0 0 1000 592
p/052.jpg 1 0 0 1000 737
p/053.jpg 1 0 0 1000 887
p/054.jpg 1 0 0 1000 737
p/055.jpg 1 0 0 661 1000
p/056.jpg 1 0 0 1000 705
p/057.jpg 1 0 0 685 1000
p/058.jpg 1 0 0 1000 614
p/059.jpg 1 0 0 748 1000
p/060.jpg 1 0 0 1000 588
p/061.jpg 1 0 0 1000 856
p/062.jpg 1 0 0 999 664
p/063.jpg 1 0 0 924 1000
p/064.jpg 1 0 0 1000 605
p/065.jpg 1 0 0 865 1000
p/066.jpg 1 0 0 1000 535
p/067.jpg 1 0 0 736 1000
p/068.jpg 1 0 0 1000 737
p/069.jpg 1 0 0 1000 625
p/070.jpg 1 0 0 1000 676
p/071.jpg 1 0 0 1000 578
p/072.jpg 1 0 0 1000 621
p/073.jpg 1 0 0 1000 737
p/074.jpg 1 0 0 1000 737
p/075.jpg 1 0 0 1000 572
p/076.jpg 1 0 0 1000 737
p/077.jpg 1 0 0 1000 737
p/078.jpg 1 0 0 1000 737
p/079.jpg 1 0 0 1000 737
p/080.jpg 1 0 0 1000 737
p/081.jpg 1 0 0 1000 737
p/082.jpg 1 0 0 1000 737
p/083.jpg 1 0 0 1000 737
p/084.jpg 1 0 0 1000 737
p/085.jpg 1 0 0 1000 737
p/086.jpg 1 0 0 1000 737
p/087.jpg 1 0 0 1000 737
p/088.jpg 1 0 0 1000 737
p/089.jpg 1 0 0 1000 737
p/090.jpg 1 0 0 1000 737
p/091.jpg 1 0 0 1000 737
p/092.jpg 1 0 0 1000 737
p/093.jpg 1 0 0 1000 737
p/094.jpg 1 0 0 1000 737
p/095.jpg 1 0 0 1000 737
p/001.jpg 1 0 0 1000 737
p/002.jpg 1 0 0 999 607
p/003.jpg 1 0 0 1000 737
p/004.jpg 1 0 0 1000 664
p/005.jpg 1 0 0 1000 621
p/006.jpg 1 0 0 1000 684
p/007.jpg 1 0 0 1000 803
p/008.jpg 1 0 0 1000 590
p/009.jpg 1 0 0 1000 722
p/010.jpg 1 0 0 1000 678
p/011.jpg 1 0 0 999 556
p/012.jpg 1 0 0 1000 942
p/013.jpg 1 0 0 940 1000
p/014.jpg 1 0 0 1000 961
p/015.jpg 1 0 0 953 1000
p/016.jpg 1 0 0 1000 768
p/017.jpg 1 0 0 1000 854
p/018.jpg 1 0 0 999 759
p/019.jpg 1 0 0 1000 932
p/020.jpg 1 0 0 1000 876
p/021.jpg 1 0 0 1000 743
p/022.jpg 1 0 0 1000 617
p/023.jpg 1 0 0 1000 668
p/024.jpg 1 0 0 1000 679
p/025.jpg 1 0 0 1000 636
p/026.jpg 1 0 0 1000 814
p/027.jpg 1 0 0 1000 871
p/028.jpg 1 0 0 913 1000
p/029.jpg 1 0 0 1000 996
p/030.jpg 1 0 0 1000 737
p/031.jpg 1 0 0 1000 883
p/032.jpg 1 0 0 1000 737
p/033.jpg 1 0 0 1000 483
p/034.jpg 1 0 0 1000 737
p/035.jpg 1 0 0 1000 646
p/036.jpg 1 0 0 1000 737
p/037.jpg 1 0 0 1000 864
p/038.jpg 1 0 0 1000 737
p/039.jpg 1 0 0 821 1000
p/040.jpg 1 0 0 1000 737
p/041.jpg 1 0 0 1000 854
p/042.jpg 1 0 0 1000 508
p/043.jpg 1 0 0 1000 608
p/044.jpg 1 0 0 1000 767
p/045.jpg 1 0 0 1000 683
p/046.jpg 1 0 0 1000 926
p/047.jpg 1 0 0 1000 521
p/048.jpg 1 0 0 1000 737
p/049.jpg 1 0 0 999 479