p/199.jpg 1 0 0 2400 1600
p/200.jpg 1 0 0 2400 1600
p/189.jpg 1 0 0 2400 1600
p/190.jpg 1 0 0 2400 1600
p/185.jpg 1 0 0 2400 1600
p/186.jpg 1 0 0 2400 1600
p/191.jpg 1 0 0 2400 1600
p/193.jpg 1 0 0 2400 1600
p/187.jpg 1 0 0 2400 1600
p/188.jpg 1 0 0 2400 1600
p/197.jpg 1 0 0 2400 1600
p/198.jpg 1 0 0 2400 1600
p/169.jpg 1 0 0 2400 1600
p/170.jpg 1 0 0 2400 1600
p/145.jpg 1 0 0 2400 1600
p/146.jpg 1 0 0 2400 1600
p/195.jpg 1 0 0 2400 1600
p/196.jpg 1 0 0 2400 1600
p/141.jpg 1 0 0 2400 1600
p/142.jpg 1 0 0 2400 1600
p/163.jpg 1 0 0 2400 1600
p/164.jpg 1 0 0 2400 1600
p/165.jpg 1 0 0 2400 1600
p/166.jpg 1 0 0 2400 1600
p/177.jpg 1 0 0 2400 1600
p/178.jpg 1 0 0 2400 1600
p/135.jpg 1 0 0 2400 1600
p/136.jpg 1 0 0 2400 1600
p/147.jpg 1 0 0 2400 1600
p/148.jpg 1 0 0 2400 1600
p/159.jpg 1 0 0 2400 1600
p/160.jpg 1 0 0 2400 1600
p/133.jpg 1 0 0 2400 1600
p/134.jpg 1 0 0 2400 1600
p/179.jpg 1 0 0 2400 1600
p/181.jpg 1 0 0 2400 1600
p/139.jpg 1 0 0 2400 1600
p/140.jpg 1 0 0 2400 1600
p/137.jpg 1 0 0 2400 1600
p/138.jpg 1 0 0 2400 1600
p/143.jpg 1 0 0 2400 1600
p/144.jpg 1 0 0 2400 1600
p/175.jpg 1 0 0 2400 1600
p/176.jpg 1 0 0 2400 1600
p/183.jpg 1 0 0 2400 1600
p/184.jpg 1 0 0 2400 1600
p/149.jpg 1 0 0 2400 1600
p/150.jpg 1 0 0 2400 1600
p/203.jpg 1 0 0 2400 1600
p/204.jpg 1 0 0 2400 1600
p/207.jpg 1 0 0 2400 1600
p/208.jpg 1 0 0 2400 1600
p/201.jpg 1 0 0 2400 1600
p/202.jpg 1 0 0 2400 1600
p/155.jpg 1 0 0 2400 1600
p/156.jpg 1 0 0 2400 1600
p/171.jpg 1 0 0 2400 1600
p/173.jpg 1 0 0 2400 1600
p/151.jpg 1 0 0 2400 1600
p/153.jpg 1 0 0 2400 1600
p/157.jpg 1 0 0 2400 1600
p/158.jpg 1 0 0 2400 1600
p/101.jpg 1 0 0 2400 1600
p/102.jpg 1 0 0 2400 1600
p/127.jpg 1 0 0 2400 1600
p/128.jpg 1 0 0 2400 1600
p/129.jpg 1 0 0 2400 1600
p/130.jpg 1 0 0 2400 1600
p/111.jpg 1 0 0 2400 1600
p/112.jpg 1 0 0 2400 1600
p/079.jpg 1 0 0 2400 1600
p/080.jpg 1 0 0 2400 1600
p/059.jpg 1 0 0 2400 1600
p/060.jpg 1 0 0 2400 1600
p/025.jpg 1 0 0 2400 1600
p/026.jpg 1 0 0 2400 1600
p/053.jpg 1 0 0 2400 1600
p/054.jpg 1 0 0 2400 1600
p/091.jpg 1 0 0 2400 1600
p/092.jpg 1 0 0 2400 1600
p/041.jpg 1 0 0 2400 1600
p/042.jpg 1 0 0 2400 1600
p/019.jpg 1 0 0 2400 1600
p/020.jpg 1 0 0 2400 1600
p/097.jpg 1 0 0 2400 1600
p/098.jpg 1 0 0 2400 1600
p/123.jpg 1 0 0 2400 1600
p/124.jpg 1 0 0 2400 1600
p/125.jpg 1 0 0 2400 1600
p/126.jpg 1 0 0 2400 1600
p/093.jpg 1 0 0 2400 1600
p/094.jpg 1 0 0 2400 1600
p/095.jpg 1 0 0 2400 1600
p/096.jpg 1 0 0 2400 1600
p/051.jpg 1 0 0 2400 1600
p/052.jpg 1 0 0 2400 1600
p/005.jpg 1 0 0 2400 1600
p/006.jpg 1 0 0 2400 1600
p/001.jpg 1 0 0 2400 1600
p/002.jpg 1 0 0 2400 1600
p/003.jpg 1 0 0 2400 1600
p/004.jpg 1 0 0 2400 1600
p/007.jpg 1 0 0 2400 1600
p/008.jpg 1 0 0 2400 1600
p/009.jpg 1 0 0 2400 1600
p/010.jpg 1 0 0 2400 1600
p/011.jpg 1 0 0 2400 1600
p/012.jpg 1 0 0 2400 1600
p/099.jpg 1 0 0 2400 1600
p/100.jpg 1 0 0 2400 1600
p/103.jpg 1 0 0 2400 1600
p/104.jpg 1 0 0 2400 1600
p/113.jpg 1 0 0 2400 1600
p/114.jpg 1 0 0 2400 1600
p/105.jpg 1 0 0 2400 1600
p/106.jpg 1 0 0 2400 1600
p/107.jpg 1 0 0 2400 1600
p/108.jpg 1 0 0 2400 1600
p/109.jpg 1 0 0 2400 1600
p/110.jpg 1 0 0 2400 1600
p/075.jpg 1 0 0 2400 1600
p/076.jpg 1 0 0 2400 1600
p/115.jpg 1 0 0 2400 1600
p/116.jpg 1 0 0 2400 1600
p/085.jpg 1 0 0 2400 1600
p/086.jpg 1 0 0 2400 1600
p/081.jpg 1 0 0 2400 1600
p/082.jpg 1 0 0 2400 1600
p/083.jpg 1 0 0 2400 1600
p/084.jpg 1 0 0 2400 1600
p/029.jpg 1 0 0 2400 1600
p/030.jpg 1 0 0 2400 1600
p/027.jpg 1 0 0 2400 1600
p/028.jpg 1 0 0 2400 1600
p/049.jpg 1 0 0 2400 1600
p/050.jpg 1 0 0 2400 1600
p/037.jpg 1 0 0 2400 1600
p/038.jpg 1 0 0 2400 1600
p/035.jpg 1 0 0 2400 1600
p/036.jpg 1 0 0 2400 1600
p/033.jpg 1 0 0 2400 1600
p/034.jpg 1 0 0 2400 1600
p/031.jpg 1 0 0 2400 1600
p/032.jpg 1 0 0 2400 1600
p/039.jpg 1 0 0 2400 1600
p/040.jpg 1 0 0 2400 1600
p/047.jpg 1 0 0 2400 1600
p/048.jpg 1 0 0 2400 1600
p/017.jpg 1 0 0 2400 1600
p/018.jpg 1 0 0 2400 1600
p/021.jpg 1 0 0 2400 1600
p/022.jpg 1 0 0 2400 1600
p/023.jpg 1 0 0 2400 1600
p/024.jpg 1 0 0 2400 1600
p/087.jpg 1 0 0 2400 1600
p/088.jpg 1 0 0 2400 1600
p/089.jpg 1 0 0 2400 1600
p/090.jpg 1 0 0 2400 1600
p/045.jpg 1 0 0 2400 1600
p/046.jpg 1 0 0 2400 1600
p/117.jpg 1 0 0 2400 1600
p/118.jpg 1 0 0 2400 1600
p/119.jpg 1 0 0 2400 1600
p/120.jpg 1 0 0 2400 1600
p/121.jpg 1 0 0 2400 1600
p/122.jpg 1 0 0 2400 1600
p/013.jpg 1 0 0 2400 1600
p/014.jpg 1 0 0 2400 1600
p/015.jpg 1 0 0 2400 1600
p/016.jpg 1 0 0 2400 1600
p/043.jpg 1 0 0 2400 1600
p/044.jpg 1 0 0 2400 1600
p/073.jpg 1 0 0 2400 1600
p/074.jpg 1 0 0 2400 1600
p/067.jpg 1 0 0 2400 1600
p/068.jpg 1 0 0 2400 1600
p/069.jpg 1 0 0 2400 1600
p/070.jpg 1 0 0 2400 1600
p/071.jpg 1 0 0 2400 1600
p/072.jpg 1 0 0 2400 1600
p/061.jpg 1 0 0 2400 1600
p/062.jpg 1 0 0 2400 1600
p/131.jpg 1 0 0 2400 1600
p/132.jpg 1 0 0 2400 1600
p/192.jpg 1 0 0 2400 1600
p/194.jpg 1 0 0 2400 1600
p/057.jpg 1 0 0 2400 1600
p/058.jpg 1 0 0 2400 1600
p/180.jpg 1 0 0 2400 1600
p/182.jpg 1 0 0 2400 1600
p/065.jpg 1 0 0 2400 1600
p/066.jpg 1 0 0 2400 1600
p/063.jpg 1 0 0 2400 1600
p/064.jpg 1 0 0 2400 1600
p/172.jpg 1 0 0 2400 1600
p/174.jpg 1 0 0 2400 1600
p/167.jpg 1 0 0 2400 1600
p/168.jpg 1 0 0 2400 1600
p/161.jpg 1 0 0 2400 1600
p/162.jpg 1 0 0 2400 1600
p/152.jpg 1 0 0 2400 1600
p/154.jpg 1 0 0 2400 1600
p/055.jpg 1 0 0 2400 1600
p/056.jpg 1 0 0 2400 1600
p/077.jpg 1 0 0 2400 1600
p/078.jpg 1 0 0 2400 1600
p/205.jpg 1 0 0 2400 1600
p/206.jpg 1 0 0 2400 1600